[19:46:04] [ServerMain/INFO]: [bootstrap] Running Java 21 (OpenJDK 64-Bit Server VM 21.0.7+6-Ubuntu-0ubuntu120.04; Ubuntu null) on Linux 6.8.0-1027-azure (amd64)
[19:46:04] [ServerMain/INFO]: [bootstrap] Loading Paper 1.21.1-57-master@b483da4 (2024-09-01T18:09:05Z) for Minecraft 1.21.1
[19:46:04] [ServerMain/INFO]: [PluginInitializerManager] Initializing plugins...
[19:46:04] [ServerMain/INFO]: [PluginInitializerManager] Initialized 0 plugins
[19:46:05] [Paper Plugin Remapper Thread - 1/INFO]: [ReobfServer] Remapping server...
[19:46:10] [ServerMain/INFO]: Environment: Environment[sessionHost=https://sessionserver.mojang.com, servicesHost=https://api.minecraftservices.com, name=PROD]
[19:46:11] [ServerMain/INFO]: Found new data pack file/bukkit, loading it automatically
[19:46:11] [ServerMain/INFO]: Found new data pack paper, loading it automatically
[19:46:12] [ServerMain/INFO]: No existing world data, creating new world
[19:46:13] [Paper Plugin Remapper Thread - 1/INFO]: [ReobfServer] Done remapping server in 7981ms.
[19:46:13] [ServerMain/INFO]: Loaded 1290 recipes
[19:46:13] [ServerMain/INFO]: Loaded 1399 advancements
[19:46:14] [Server thread/INFO]: Starting minecraft server version 1.21.1
[19:46:14] [Server thread/INFO]: Loading properties
[19:46:14] [Server thread/INFO]: This server is running Paper version 1.21.1-57-master@b483da4 (2024-09-01T18:09:05Z) (Implementing API version 1.21.1-R0.1-SNAPSHOT)
[19:46:14] [Server thread/INFO]: [spark] This server bundles the spark profiler. For more information please visit https://docs.papermc.io/paper/profiling
[19:46:15] [Server thread/INFO]: Server Ping Player Sample Count: 12
[19:46:15] [Server thread/INFO]: Using 4 threads for Netty based IO
[19:46:15] [Server thread/INFO]: [ChunkTaskScheduler] Chunk system is using 1 I/O threads, 1 worker threads, and population gen parallelism of 1 threads
[19:46:15] [Server thread/INFO]: Default game type: SURVIVAL
[19:46:15] [Server thread/INFO]: Generating keypair
[19:46:16] [Server thread/INFO]: Starting Minecraft server on *:25565
[19:46:16] [Server thread/INFO]: Using epoll channel type
[19:46:16] [Server thread/INFO]: Paper: Using libdeflate (Linux x86_64) compression from Velocity.
[19:46:16] [Server thread/INFO]: Paper: Using OpenSSL 1.1.x (Linux x86_64) cipher from Velocity.
[19:46:16] [Server thread/WARN]: **** SERVER IS RUNNING IN OFFLINE/INSECURE MODE!
[19:46:16] [Server thread/WARN]: The server will make no attempt to authenticate usernames. Beware.
[19:46:16] [Server thread/WARN]: While this makes the game possible to play without internet access, it also opens up the ability for hackers to connect with any username they choose.
[19:46:16] [Server thread/WARN]: To change this, set "online-mode" to "true" in the server.properties file.
[19:46:16] [Server thread/INFO]: Preparing level "world"
[19:46:26] [Server thread/INFO]: Preparing start region for dimension minecraft:overworld
[19:46:32] [Server thread/INFO]: Time elapsed: 5669 ms
[19:46:32] [Server thread/INFO]: Preparing start region for dimension minecraft:the_nether
[19:46:33] [Server thread/INFO]: Time elapsed: 1710 ms
[19:46:33] [Server thread/INFO]: Preparing start region for dimension minecraft:the_end
[19:46:34] [Server thread/INFO]: Time elapsed: 524 ms
[19:46:34] [Server thread/INFO]: [spark] Starting background profiler...
[19:46:34] [Server thread/INFO]: Done preparing level "world" (18.415s)
[19:46:34] [Server thread/INFO]: Running delayed init tasks
[19:46:34] [Server thread/INFO]: Done (30.574s)! For help, type "help"
[19:46:34] [Server thread/INFO]: *************************************************************************************
[19:46:34] [Server thread/INFO]: This is the first time you're starting this server.
[19:46:34] [Server thread/INFO]: It's recommended you read our 'Getting Started' documentation for guidance.
[19:46:34] [Server thread/INFO]: View this and more helpful information here: https://docs.papermc.io/paper/next-steps
[19:46:34] [Server thread/INFO]: *************************************************************************************
[19:46:34] [Server thread/INFO]: Timings Reset
[19:47:01] [User Authenticator #0/INFO]: UUID of player Thiagojuegosn is 01c68f46-ef12-30ff-ab74-a360240819b5
[19:47:04] [Server thread/INFO]: Thiagojuegosn joined the game
[19:47:04] [Server thread/INFO]: Thiagojuegosn[/172.29.32.46:49965] logged in with entity id 33 at ([world]-28.5, 103.0, 51.5)
[19:47:52] [Server thread/INFO]: Made Thiagojuegosn a server operator
[19:48:03] [Server thread/INFO]: Thiagojuegosn issued server command: /gamemode creative
[19:48:03] [Server thread/INFO]: [Thiagojuegosn: Set own game mode to Creative Mode]
[19:49:10] [Server thread/INFO]: Thiagojuegosn lost connection: Disconnected
[19:49:10] [Server thread/INFO]: Thiagojuegosn left the game
[19:49:35] [User Authenticator #1/INFO]: UUID of player Thiagojuegosn is 01c68f46-ef12-30ff-ab74-a360240819b5
[19:49:36] [Server thread/INFO]: Thiagojuegosn joined the game
[19:49:36] [Server thread/INFO]: Thiagojuegosn[/172.29.32.46:50210] logged in with entity id 517 at ([world]-26.30000001192093, 104.0, 50.622672599530745)
[19:49:40] [Server thread/INFO]: Thiagojuegosn issued server command: /gamemode survival
[19:49:40] [Server thread/INFO]: [Thiagojuegosn: Set own game mode to Survival Mode]
[19:53:49] [Server thread/INFO]: Thiagojuegosn issued server command: /gamemode creative
[19:53:49] [Server thread/INFO]: [Thiagojuegosn: Set own game mode to Creative Mode]
